Heap:
 garbage-first heap   total 65536K, used 12677K [0x00000000fc000000, 0x0000000100000000)
  region size 1024K, 3 young (3072K), 1 survivors (1024K)
 Metaspace       used 15403K, capacity 15693K, committed 16000K, reserved 1062912K
  class space    used 1744K, capacity 1858K, committed 1920K, reserved 1048576K
GC Heap History (6 events):
Event: 40.068 GC heap before
{Heap before GC invocations=0 (full 0):
 garbage-first heap   total 65536K, used 6144K [0x00000000fc000000, 0x0000000100000000)
  region size 1024K, 7 young (7168K), 0 survivors (0K)
 Metaspace       used 7087K, capacity 7229K, committed 7424K, reserved 1056768K
  class space    used 629K, capacity 684K, committed 768K, reserved 1048576K
}
Event: 42.443 GC heap after
{Heap after GC invocations=1 (full 0):
 garbage-first heap   total 65536K, used 1616K [0x00000000fc000000, 0x0000000100000000)
  region size 1024K, 1 young (1024K), 1 survivors (1024K)
 Metaspace       used 7087K, capacity 7229K, committed 7424K, reserved 1056768K
  class space    used 629K, capacity 684K, committed 768K, reserved 1048576K
}
Event: 236.491 GC heap before
{Heap before GC invocations=1 (full 0):
 garbage-first heap   total 65536K, used 42576K [0x00000000fc000000, 0x0000000100000000)
  region size 1024K, 38 young (38912K), 1 survivors (1024K)
 Metaspace       used 14450K, capacity 14748K, committed 14848K, reserved 1062912K
  class space    used 1656K, capacity 1774K, committed 1792K, reserved 1048576K
}
Event: 236.547 GC heap after
{Heap after GC invocations=2 (full 0):
 garbage-first heap   total 65536K, used 11676K [0x00000000fc000000, 0x0000000100000000)
  region size 1024K, 5 young (5120K), 5 survivors (5120K)
 Metaspace       used 14450K, capacity 14748K, committed 14848K, reserved 1062912K
  class space    used 1656K, capacity 1774K, committed 1792K, reserved 1048576K
}
Event: 237.031 GC heap before
{Heap before GC invocations=2 (full 0):
 garbage-first heap   total 65536K, used 12700K [0x00000000fc000000, 0x0000000100000000)
  region size 1024K, 6 young (6144K), 5 survivors (5120K)
 Metaspace       used 14620K, capacity 14876K, committed 15104K, reserved 1062912K
  class space    used 1675K, capacity 1774K, committed 1792K, reserved 1048576K
}
Event: 237.046 GC heap after
{Heap after GC invocations=3 (full 0):
 garbage-first heap   total 65536K, used 11653K [0x00000000fc000000, 0x0000000100000000)
  region size 1024K, 1 young (1024K), 1 survivors (1024K)
 Metaspace       used 14620K, capacity 14876K, committed 15104K, reserved 1062912K
  class space    used 1675K, capacity 1774K, committed 1792K, reserved 1048576K
}

